[09:36:00] [main/INFO]: Reloading ResourceManager: Default, bukkit
[09:36:01] [Worker-Main-10/INFO]: Loaded 7 recipes
[09:36:02] [Server thread/INFO]: Starting minecraft server version 1.16.5
[09:36:02] [Server thread/INFO]: Loading properties
[09:36:02] [Server thread/INFO]: This server is running CraftBukkit version 3096a-Spigot-9fb885e-af1a232 (MC: 1.16.5) (Implementing API version 1.16.5-R0.1-SNAPSHOT)
[09:36:02] [Server thread/INFO]: Debug logging is disabled
[09:36:02] [Server thread/INFO]: Server Ping Player Sample Count: 12
[09:36:02] [Server thread/INFO]: Using 4 threads for Netty based IO
[09:36:02] [Server thread/INFO]: Default game type: SURVIVAL
[09:36:02] [Server thread/INFO]: Generating keypair
[09:36:02] [Server thread/INFO]: Starting Minecraft server on *:25565
[09:36:02] [Server thread/INFO]: Using epoll channel type
[09:36:03] [Server thread/INFO]: AI Plugin couldn't start as an invalid language file was selected in config.yml
[09:36:03] [Server thread/INFO]: [Template] Loading Template v1.0-SNAPSHOT
[09:36:03] [Server thread/INFO]: Preparing level "world"
[09:36:03] [Server thread/INFO]: -------- World Settings For [world] --------
[09:36:03] [Server thread/INFO]: Experience Merge Radius: 3.0
[09:36:03] [Server thread/INFO]: Mob Spawn Range: 6
[09:36:03] [Server thread/INFO]: Cactus Growth Modifier: 100%
[09:36:03] [Server thread/INFO]: Cane Growth Modifier: 100%
[09:36:03] [Server thread/INFO]: Melon Growth Modifier: 100%
[09:36:03] [Server thread/INFO]: Mushroom Growth Modifier: 100%
[09:36:03] [Server thread/INFO]: Pumpkin Growth Modifier: 100%
[09:36:03] [Server thread/INFO]: Sapling Growth Modifier: 100%
[09:36:03] [Server thread/INFO]: Beetroot Growth Modifier: 100%
[09:36:03] [Server thread/INFO]: Carrot Growth Modifier: 100%
[09:36:03] [Server thread/INFO]: Potato Growth Modifier: 100%
[09:36:03] [Server thread/INFO]: Wheat Growth Modifier: 100%
[09:36:03] [Server thread/INFO]: NetherWart Growth Modifier: 100%
[09:36:03] [Server thread/INFO]: Vine Growth Modifier: 100%
[09:36:03] [Server thread/INFO]: Cocoa Growth Modifier: 100%
[09:36:03] [Server thread/INFO]: Bamboo Growth Modifier: 100%
[09:36:03] [Server thread/INFO]: SweetBerry Growth Modifier: 100%
[09:36:03] [Server thread/INFO]: Kelp Growth Modifier: 100%
[09:36:03] [Server thread/INFO]: Entity Activation Range: An 32 / Mo 32 / Ra 48 / Mi 16 / Tiv true
[09:36:03] [Server thread/INFO]: Hopper Transfer: 8 Hopper Check: 1 Hopper Amount: 1
[09:36:03] [Server thread/INFO]: Custom Map Seeds:  Village: 10387312 Desert: 14357617 Igloo: 14357618 Jungle: 14357619 Swamp: 14357620 Monument: 10387313 Ocean: 14357621 Shipwreck: 165745295 End City: 10387313 Slime: 987234911 Bastion: 30084232 Fortress: 30084232 Mansion: 10387319 Fossil: 14357921 Portal: 34222645
[09:36:03] [Server thread/INFO]: Max TNT Explosions: 100
[09:36:03] [Server thread/INFO]: Tile Max Tick Time: 50ms Entity max Tick Time: 50ms
[09:36:03] [Server thread/INFO]: Entity Tracking Range: Pl 48 / An 48 / Mo 48 / Mi 32 / Other 64
[09:36:03] [Server thread/INFO]: Allow Zombie Pigmen to spawn from portal blocks: true
[09:36:03] [Server thread/INFO]: Item Despawn Rate: 6000
[09:36:03] [Server thread/INFO]: Item Merge Radius: 2.5
[09:36:03] [Server thread/INFO]: View Distance: 10
[09:36:03] [Server thread/INFO]: Arrow Despawn Rate: 1200 Trident Respawn Rate:1200
[09:36:03] [Server thread/INFO]: Zombie Aggressive Towards Villager: true
[09:36:03] [Server thread/INFO]: Nerfing mobs spawned from spawners: false
[09:36:03] [Server thread/INFO]: -------- World Settings For [world_nether] --------
[09:36:03] [Server thread/INFO]: Experience Merge Radius: 3.0
[09:36:03] [Server thread/INFO]: Mob Spawn Range: 6
[09:36:03] [Server thread/INFO]: Cactus Growth Modifier: 100%
[09:36:03] [Server thread/INFO]: Cane Growth Modifier: 100%
[09:36:03] [Server thread/INFO]: Melon Growth Modifier: 100%
[09:36:03] [Server thread/INFO]: Mushroom Growth Modifier: 100%
[09:36:03] [Server thread/INFO]: Pumpkin Growth Modifier: 100%
[09:36:03] [Server thread/INFO]: Sapling Growth Modifier: 100%
[09:36:03] [Server thread/INFO]: Beetroot Growth Modifier: 100%
[09:36:03] [Server thread/INFO]: Carrot Growth Modifier: 100%
[09:36:03] [Server thread/INFO]: Potato Growth Modifier: 100%
[09:36:03] [Server thread/INFO]: Wheat Growth Modifier: 100%
[09:36:03] [Server thread/INFO]: NetherWart Growth Modifier: 100%
[09:36:03] [Server thread/INFO]: Vine Growth Modifier: 100%
[09:36:03] [Server thread/INFO]: Cocoa Growth Modifier: 100%
[09:36:03] [Server thread/INFO]: Bamboo Growth Modifier: 100%
[09:36:03] [Server thread/INFO]: SweetBerry Growth Modifier: 100%
[09:36:03] [Server thread/INFO]: Kelp Growth Modifier: 100%
[09:36:03] [Server thread/INFO]: Entity Activation Range: An 32 / Mo 32 / Ra 48 / Mi 16 / Tiv true
[09:36:03] [Server thread/INFO]: Hopper Transfer: 8 Hopper Check: 1 Hopper Amount: 1
[09:36:03] [Server thread/INFO]: Custom Map Seeds:  Village: 10387312 Desert: 14357617 Igloo: 14357618 Jungle: 14357619 Swamp: 14357620 Monument: 10387313 Ocean: 14357621 Shipwreck: 165745295 End City: 10387313 Slime: 987234911 Bastion: 30084232 Fortress: 30084232 Mansion: 10387319 Fossil: 14357921 Portal: 34222645
[09:36:03] [Server thread/INFO]: Max TNT Explosions: 100
[09:36:03] [Server thread/INFO]: Tile Max Tick Time: 50ms Entity max Tick Time: 50ms
[09:36:03] [Server thread/INFO]: Entity Tracking Range: Pl 48 / An 48 / Mo 48 / Mi 32 / Other 64
[09:36:03] [Server thread/INFO]: Allow Zombie Pigmen to spawn from portal blocks: true
[09:36:03] [Server thread/INFO]: Item Despawn Rate: 6000
[09:36:03] [Server thread/INFO]: Item Merge Radius: 2.5
[09:36:03] [Server thread/INFO]: View Distance: 10
[09:36:03] [Server thread/INFO]: Arrow Despawn Rate: 1200 Trident Respawn Rate:1200
[09:36:03] [Server thread/INFO]: Zombie Aggressive Towards Villager: true
[09:36:03] [Server thread/INFO]: Nerfing mobs spawned from spawners: false
[09:36:03] [Server thread/INFO]: -------- World Settings For [world_the_end] --------
[09:36:03] [Server thread/INFO]: Experience Merge Radius: 3.0
[09:36:03] [Server thread/INFO]: Mob Spawn Range: 6
[09:36:03] [Server thread/INFO]: Cactus Growth Modifier: 100%
[09:36:03] [Server thread/INFO]: Cane Growth Modifier: 100%
[09:36:03] [Server thread/INFO]: Melon Growth Modifier: 100%
[09:36:03] [Server thread/INFO]: Mushroom Growth Modifier: 100%
[09:36:03] [Server thread/INFO]: Pumpkin Growth Modifier: 100%
[09:36:03] [Server thread/INFO]: Sapling Growth Modifier: 100%
[09:36:03] [Server thread/INFO]: Beetroot Growth Modifier: 100%
[09:36:03] [Server thread/INFO]: Carrot Growth Modifier: 100%
[09:36:03] [Server thread/INFO]: Potato Growth Modifier: 100%
[09:36:03] [Server thread/INFO]: Wheat Growth Modifier: 100%
[09:36:03] [Server thread/INFO]: NetherWart Growth Modifier: 100%
[09:36:03] [Server thread/INFO]: Vine Growth Modifier: 100%
[09:36:03] [Server thread/INFO]: Cocoa Growth Modifier: 100%
[09:36:03] [Server thread/INFO]: Bamboo Growth Modifier: 100%
[09:36:03] [Server thread/INFO]: SweetBerry Growth Modifier: 100%
[09:36:03] [Server thread/INFO]: Kelp Growth Modifier: 100%
[09:36:03] [Server thread/INFO]: Entity Activation Range: An 32 / Mo 32 / Ra 48 / Mi 16 / Tiv true
[09:36:03] [Server thread/INFO]: Hopper Transfer: 8 Hopper Check: 1 Hopper Amount: 1
[09:36:03] [Server thread/INFO]: Custom Map Seeds:  Village: 10387312 Desert: 14357617 Igloo: 14357618 Jungle: 14357619 Swamp: 14357620 Monument: 10387313 Ocean: 14357621 Shipwreck: 165745295 End City: 10387313 Slime: 987234911 Bastion: 30084232 Fortress: 30084232 Mansion: 10387319 Fossil: 14357921 Portal: 34222645
[09:36:03] [Server thread/INFO]: Max TNT Explosions: 100
[09:36:03] [Server thread/INFO]: Tile Max Tick Time: 50ms Entity max Tick Time: 50ms
[09:36:03] [Server thread/INFO]: Entity Tracking Range: Pl 48 / An 48 / Mo 48 / Mi 32 / Other 64
[09:36:03] [Server thread/INFO]: Allow Zombie Pigmen to spawn from portal blocks: true
[09:36:03] [Server thread/INFO]: Item Despawn Rate: 6000
[09:36:03] [Server thread/INFO]: Item Merge Radius: 2.5
[09:36:03] [Server thread/INFO]: View Distance: 10
[09:36:03] [Server thread/INFO]: Arrow Despawn Rate: 1200 Trident Respawn Rate:1200
[09:36:03] [Server thread/INFO]: Zombie Aggressive Towards Villager: true
[09:36:03] [Server thread/INFO]: Nerfing mobs spawned from spawners: false
[09:36:03] [Server thread/INFO]: Preparing start region for dimension minecraft:overworld
[09:36:04] [Server thread/INFO]: Preparing spawn area: 0%
[09:36:04] [Server thread/INFO]: Preparing spawn area: 0%
[09:36:04] [Server thread/INFO]: Preparing spawn area: 0%
[09:36:05] [Worker-Main-13/INFO]: Preparing spawn area: 83%
[09:36:05] [Worker-Main-11/INFO]: Preparing spawn area: 83%
[09:36:05] [Worker-Main-11/INFO]: Preparing spawn area: 83%
[09:36:06] [Worker-Main-9/INFO]: Preparing spawn area: 91%
[09:36:06] [Worker-Main-13/INFO]: Preparing spawn area: 91%
[09:36:07] [Worker-Main-10/INFO]: Preparing spawn area: 98%
[09:36:07] [Server thread/INFO]: Time elapsed: 4090 ms
[09:36:07] [Server thread/INFO]: Preparing start region for dimension minecraft:the_nether
[09:36:08] [Server thread/INFO]: Preparing spawn area: 0%
[09:36:08] [Server thread/INFO]: Preparing spawn area: 0%
[09:36:08] [Worker-Main-10/INFO]: Preparing spawn area: 83%
[09:36:09] [Worker-Main-11/INFO]: Preparing spawn area: 83%
[09:36:09] [Worker-Main-11/INFO]: Preparing spawn area: 86%
[09:36:10] [Worker-Main-12/INFO]: Preparing spawn area: 94%
[09:36:10] [Server thread/INFO]: Time elapsed: 2764 ms
[09:36:10] [Server thread/INFO]: Preparing start region for dimension minecraft:the_end
[09:36:10] [Server thread/INFO]: Preparing spawn area: 0%
[09:36:10] [Server thread/INFO]: Time elapsed: 366 ms
[09:36:10] [Server thread/INFO]: [Template] Enabling Template v1.0-SNAPSHOT
[09:36:10] [Server thread/ERROR]: Error occurred while enabling Template v1.0-SNAPSHOT (Is it up to date?)
java.lang.NullPointerException: null
	at com.torben.template.ConfigManager.<init>(ConfigManager.java:14) ~[?:?]
	at com.torben.template.guis.AnvilTextGUI.<init>(AnvilTextGUI.java:23) ~[?:?]
	at com.torben.template.Main.onEnable(Main.java:18) ~[?:?]
	at org.bukkit.plugin.java.JavaPlugin.setEnabled(JavaPlugin.java:263) ~[spigot-1.16.5.jar:3096a-Spigot-9fb885e-af1a232]
	at org.bukkit.plugin.java.JavaPluginLoader.enablePlugin(JavaPluginLoader.java:342) ~[spigot-1.16.5.jar:3096a-Spigot-9fb885e-af1a232]
	at org.bukkit.plugin.SimplePluginManager.enablePlugin(SimplePluginManager.java:480) ~[spigot-1.16.5.jar:3096a-Spigot-9fb885e-af1a232]
	at org.bukkit.craftbukkit.v1_16_R3.CraftServer.enablePlugin(CraftServer.java:492) ~[spigot-1.16.5.jar:3096a-Spigot-9fb885e-af1a232]
	at org.bukkit.craftbukkit.v1_16_R3.CraftServer.enablePlugins(CraftServer.java:406) ~[spigot-1.16.5.jar:3096a-Spigot-9fb885e-af1a232]
	at net.minecraft.server.v1_16_R3.MinecraftServer.loadWorld(MinecraftServer.java:554) ~[spigot-1.16.5.jar:3096a-Spigot-9fb885e-af1a232]
	at net.minecraft.server.v1_16_R3.DedicatedServer.init(DedicatedServer.java:257) ~[spigot-1.16.5.jar:3096a-Spigot-9fb885e-af1a232]
	at net.minecraft.server.v1_16_R3.MinecraftServer.w(MinecraftServer.java:928) ~[spigot-1.16.5.jar:3096a-Spigot-9fb885e-af1a232]
	at net.minecraft.server.v1_16_R3.MinecraftServer.lambda$0(MinecraftServer.java:273) ~[spigot-1.16.5.jar:3096a-Spigot-9fb885e-af1a232]
	at java.lang.Thread.run(Thread.java:829) [?:?]
[09:36:10] [Server thread/INFO]: Server permissions file permissions.yml is empty, ignoring it
[09:36:10] [Server thread/INFO]: Done (7.456s)! For help, type "help"
[09:36:15] [Server thread/INFO]: Plugins (1): [0;32;1mTemplate[m